[Message: Preloader] BepInEx 6.0.0-reactor.18 - Among Us
[Message: Preloader] BLEEDING EDGE Build #18 from f7d481dda69a6a4964d41d3558a215049e260077 at reactor
[Info   :   BepInEx] System platform: Bits64, Windows
[Info   : Preloader] Running under Unity v2020.2.6.9052483
[Info   : Preloader] 0 patcher plugins loaded
[Info   : Preloader] 0 assemblies discovered
[Message:   BepInEx] Chainloader initialized
[Info   :Unhollower] Registered mono type UnhollowerRuntimeLib.DelegateSupport+Il2CppToMonoDelegateReference in il2cpp domain
[Info   :   BepInEx] 7 plugins to load
[Warning:   BepInEx] Skipping [Essentials 0.1.3] because a newer version exists (Essentials 0.2.0-dev.9)
[Info   :   BepInEx] Loading [Town Of Impostors Mod 1.7.1]
[Message:Town Of Impostors Mod] Town Of Impostors has successfully loaded.
[Info   :   BepInEx] Loading [Reactor 0.4.0-ci.47]
[Info   :Unhollower] Registered mono type Reactor.Coroutines+Component in il2cpp domain
[Info   :Unhollower] Registered mono type Reactor.ReactorPlugin+ReactorComponent in il2cpp domain
[Info   :   BepInEx] Loading [Essentials 0.2.0-dev.9]
[Info   :   BepInEx] Loading [Unify 3.0.0]
[Info   :   BepInEx] Loading [BetterSabotage 1.1.0]
[Info   :   BepInEx] Loading [UnknownImpostor 1.1.0]
[Message:   BepInEx] Chainloader startup complete
[Info   :   Reactor] Region file reloaded
[Error  :    Detour] System.NullReferenceException: Object reference not set to an instance of an object
  at Unify.Patches.RegionsPatch+HideDirectConnectPatch.Postfix () [0x00005] in <d5652ff542ae49ed9f53da69e3f80247>:0 
  at (wrapper dynamic-method) RegionMenu.DMD<RegionMenu::Close>(RegionMenu)
  at (wrapper dynamic-method) MonoMod.Utils.DynamicMethodDefinition.(il2cpp -> managed) Close(intptr,UnhollowerBaseLib.Runtime.Il2CppMethodInfo*)
[Error  :    Detour] System.NullReferenceException: Object reference not set to an instance of an object
  at Unify.Patches.RegionsPatch+HideDirectConnectPatch.Postfix () [0x00005] in <d5652ff542ae49ed9f53da69e3f80247>:0 
  at (wrapper dynamic-method) RegionMenu.DMD<RegionMenu::Close>(RegionMenu)
  at (wrapper dynamic-method) MonoMod.Utils.DynamicMethodDefinition.(il2cpp -> managed) Close(intptr,UnhollowerBaseLib.Runtime.Il2CppMethodInfo*)
[Info   :   Reactor] Region file reloaded
[Info   :   Reactor] Region file reloaded
[Message:Town Of Impostors Mod] Setting Roles
[Message:Town Of Impostors Mod] RPC: Sheriff (PlayerID: 1) Attempted to Kill PlayerID: 0
[Message:Town Of Impostors Mod] Setting Roles
[Message:Town Of Impostors Mod] RPC: Sheriff (PlayerID: 1) Attempted to Kill PlayerID: 2
[Message:Town Of Impostors Mod] Revived Player: 1
[Message:Town Of Impostors Mod] RPC: Sheriff (PlayerID: 1) Attempted to Kill PlayerID: 2
[Message:Town Of Impostors Mod] Revived Player: 1
[Message:Town Of Impostors Mod] Body disposed by player: 0
[Message:Town Of Impostors Mod] 0 entered vent
[Message:Town Of Impostors Mod] 0 exited vent
[Message:Town Of Impostors Mod] Disguise: Reference Player 0 | Target Player 3
[Error  :    Detour] UnhollowerBaseLib.Il2CppException: System.NullReferenceException: Object reference not set to an instance of an object.

  at UnhollowerBaseLib.Il2CppException.RaiseExceptionIfNecessary (System.IntPtr returnedException) [0x00014] in <7d6fae7915b44827b4f3dc1d6cd1db94>:0 
  at (wrapper dynamic-method) PlayerControl.DMD<PlayerControl::set_Visible>(PlayerControl,bool)
  at (wrapper dynamic-method) MonoMod.Utils.DynamicMethodDefinition.(il2cpp -> managed) set_Visible(intptr,bool,UnhollowerBaseLib.Runtime.Il2CppMethodInfo*)
[Message:Town Of Impostors Mod] Disguise: Reference Player 0 | Target Player 0
