[Message: Preloader] BepInEx 6.0.0-reactor.18 - Among Us
[Message: Preloader] BLEEDING EDGE Build #18 from f7d481dda69a6a4964d41d3558a215049e260077 at reactor
[Info   :   BepInEx] System platform: Bits64, Windows
[Info   : Preloader] Running under Unity v2020.2.6.9052483
[Info   : Preloader] 0 patcher plugins loaded
[Info   : Preloader] 0 assemblies discovered
[Message:   BepInEx] Chainloader initialized
[Info   :Unhollower] Registered mono type UnhollowerRuntimeLib.DelegateSupport+Il2CppToMonoDelegateReference in il2cpp domain
[Info   :   BepInEx] 5 plugins to load
[Warning:   BepInEx] Skipping [Essentials 0.1.3] because a newer version exists (Essentials 0.2.0-dev.9)
[Info   :   BepInEx] Loading [Reactor 0.4.0-ci.47]
[Info   :Unhollower] Registered mono type Reactor.Coroutines+Component in il2cpp domain
[Info   :Unhollower] Registered mono type Reactor.ReactorPlugin+ReactorComponent in il2cpp domain
[Info   :   BepInEx] Loading [Essentials 0.2.0-dev.9]
[Info   :   BepInEx] Loading [Unify 3.0.0]
[Info   :   BepInEx] Loading [BetterSabotage 1.1.0]
[Message:   BepInEx] Chainloader startup complete
[Info   :   Reactor] Region file reloaded
[Error  :    Detour] System.NullReferenceException: Object reference not set to an instance of an object
  at Unify.Patches.RegionsPatch+HideDirectConnectPatch.Postfix () [0x00005] in <d5652ff542ae49ed9f53da69e3f80247>:0 
  at (wrapper dynamic-method) RegionMenu.DMD<RegionMenu::Close>(RegionMenu)
  at (wrapper dynamic-method) MonoMod.Utils.DynamicMethodDefinition.(il2cpp -> managed) Close(intptr,UnhollowerBaseLib.Runtime.Il2CppMethodInfo*)
[Error  :    Detour] System.NullReferenceException: Object reference not set to an instance of an object
  at Unify.Patches.RegionsPatch+HideDirectConnectPatch.Postfix () [0x00005] in <d5652ff542ae49ed9f53da69e3f80247>:0 
  at (wrapper dynamic-method) RegionMenu.DMD<RegionMenu::Close>(RegionMenu)
  at (wrapper dynamic-method) MonoMod.Utils.DynamicMethodDefinition.(il2cpp -> managed) Close(intptr,UnhollowerBaseLib.Runtime.Il2CppMethodInfo*)
